[2025-11-16 00:58:00] === СТАРТ AUTH.PHP ===
[2025-11-16 00:58:00] Метод: POST
[2025-11-16 00:58:00] POST: Array
(
    [csrf_token] => 24c845c1bd735518fffd97500d2c36aa8d6ea77f102f30581f114fabcc5039dd
    [phone] => 79991234567
    [password] => admin123
)

[2025-11-16 00:58:00] SESSION_ID: i8dc2paoaedpoa90fe0uh98rpk9k0o56
[2025-11-16 00:58:00] CSRF session: 24c845c1bd735518fffd97500d2c36aa8d6ea77f102f30581f114fabcc5039dd
[2025-11-16 00:58:00] CSRF form: 24c845c1bd735518fffd97500d2c36aa8d6ea77f102f30581f114fabcc5039dd
[2025-11-16 00:58:00] ✅ Database подключена, Auth создан
[2025-11-16 00:58:00] ❌ Ошибка: SQLSTATE[42S22]: Column not found: 1054 Unknown column 'position' in 'field list'
[2025-11-16 00:58:00] 📝 Trace: #0 B:\OpenServer\OSPanel\home\time\src\Core\Auth.php(17): PDO->prepare('\r\n            SELECT \r\n                id, full_name, phone, password_hash, role, \r\n                gender, position, hire_date, created_at\r\n            FROM employees \r\n            WHERE phone = ? \r\n            LIMIT 1\r\n        ')
#1 B:\OpenServer\OSPanel\home\time\public\auth.php(49): Auth->login('79991234567', 'admin123')
#2 {main}
[2025-11-16 00:58:33] === СТАРТ AUTH.PHP ===
[2025-11-16 00:58:33] Метод: POST
[2025-11-16 00:58:33] POST: Array
(
    [csrf_token] => 24c845c1bd735518fffd97500d2c36aa8d6ea77f102f30581f114fabcc5039dd
    [phone] => 79991234567
    [password] => admin123
)

[2025-11-16 00:58:33] SESSION_ID: i8dc2paoaedpoa90fe0uh98rpk9k0o56
[2025-11-16 00:58:33] CSRF session: 24c845c1bd735518fffd97500d2c36aa8d6ea77f102f30581f114fabcc5039dd
[2025-11-16 00:58:33] CSRF form: 24c845c1bd735518fffd97500d2c36aa8d6ea77f102f30581f114fabcc5039dd
[2025-11-16 00:58:33] ✅ Database подключена, Auth создан
[2025-11-16 00:58:33] ❌ Ошибка: SQLSTATE[42S22]: Column not found: 1054 Unknown column 'position' in 'field list'
[2025-11-16 00:58:33] 📝 Trace: #0 B:\OpenServer\OSPanel\home\time\src\Core\Auth.php(17): PDO->prepare('\r\n            SELECT \r\n                id, full_name, phone, password_hash, role, \r\n                gender, position, hire_date, created_at\r\n            FROM employees \r\n            WHERE phone = ? \r\n            LIMIT 1\r\n        ')
#1 B:\OpenServer\OSPanel\home\time\public\auth.php(49): Auth->login('79991234567', 'admin123')
#2 {main}
[2025-11-16 00:59:56] === СТАРТ AUTH.PHP ===
[2025-11-16 00:59:56] Метод: POST
[2025-11-16 00:59:56] POST: Array
(
    [csrf_token] => 24c845c1bd735518fffd97500d2c36aa8d6ea77f102f30581f114fabcc5039dd
    [phone] => 79991234567
    [password] => admin123
)

[2025-11-16 00:59:56] SESSION_ID: i8dc2paoaedpoa90fe0uh98rpk9k0o56
[2025-11-16 00:59:56] CSRF session: 24c845c1bd735518fffd97500d2c36aa8d6ea77f102f30581f114fabcc5039dd
[2025-11-16 00:59:56] CSRF form: 24c845c1bd735518fffd97500d2c36aa8d6ea77f102f30581f114fabcc5039dd
[2025-11-16 00:59:56] ✅ Database подключена, Auth создан
[2025-11-16 00:59:56] ❌ Ошибка: SQLSTATE[42S22]: Column not found: 1054 Unknown column 'position' in 'field list'
[2025-11-16 00:59:56] 📝 Trace: #0 B:\OpenServer\OSPanel\home\time\src\Core\Auth.php(17): PDO->prepare('\r\n            SELECT \r\n                id, full_name, phone, password_hash, role, \r\n                gender, position, hire_date, created_at\r\n            FROM employees \r\n            WHERE phone = ? \r\n            LIMIT 1\r\n        ')
#1 B:\OpenServer\OSPanel\home\time\public\auth.php(49): Auth->login('79991234567', 'admin123')
#2 {main}
[2025-11-16 01:08:33] ✅ Успешный вход: Администратор (ID: 2)
[2025-11-16 03:31:56] ✅ Успешный вход: Администратор (ID: 2)
[2025-11-16 07:59:37] ✅ Успешный вход: Администратор (ID: 2)
[2025-11-16 08:15:03] ✅ Успешный вход: Администратор (ID: 2)
[2025-11-16 08:57:27] ✅ Успешный вход: Администратор (ID: 2)
[2025-11-16 10:35:44] ✅ Успешный вход: Администратор (ID: 2)
[2025-11-16 11:09:56] ✅ Успешный вход: Администратор (ID: 2)
[2025-11-16 12:49:21] ✅ Успешный вход: Администратор (ID: 2)
[2025-11-16 13:44:12] ✅ Успешный вход: Администратор (ID: 2)
[2025-11-16 14:32:44] ❌ Неверный пароль: 79991234567
[2025-11-16 14:32:49] ✅ Успешный вход: Администратор (ID: 2)
[2025-11-16 15:39:10] ✅ Успешный вход: Администратор (ID: 2)
[2025-11-16 20:52:42] ✅ Успешный вход: Администратор (ID: 2)
[2025-11-16 21:41:49] ✅ Успешный вход: Администратор (ID: 2)
[2025-11-16 22:08:19] ❌ Неверный пароль: 79991234567
[2025-11-16 22:08:25] ✅ Успешный вход: Администратор (ID: 2)
[2025-11-16 22:51:26] ✅ Успешный вход: Администратор (ID: 2)
[2025-11-16 23:18:51] ✅ Успешный вход: Администратор (ID: 2)
[2025-11-17 09:53:27] ✅ Успешный вход: Администратор (ID: 2)
[2025-11-17 10:53:35] ✅ Успешный вход: Администратор (ID: 2)
[2025-11-17 11:54:35] ✅ Успешный вход: Администратор (ID: 2)
[2025-11-17 15:02:21] ✅ Успешный вход: Администратор (ID: 2)
[2025-11-17 20:24:10] ✅ Успешный вход: Администратор (ID: 2)
[2025-11-17 23:10:17] ✅ Успешный вход: Администратор (ID: 2)
[2025-11-18 02:21:54] ✅ Успешный вход: Администратор (ID: 2)
[2025-11-18 03:28:42] ✅ Успешный вход: Администратор (ID: 2)
[2025-11-18 13:49:03] ✅ Успешный вход: Администратор (ID: 2)
[2025-11-18 18:38:54] ✅ Успешный вход: Администратор (ID: 2)
[2025-11-18 19:20:39] ✅ Успешный вход: Администратор (ID: 2)
[2025-11-18 20:03:03] ✅ Успешный вход: Администратор (ID: 2)
[2025-11-18 20:03:23] ✅ Успешный вход: Администратор (ID: 2)
[2025-11-18 20:59:24] ✅ Успешный вход: Администратор (ID: 2)
[2025-11-18 21:43:27] ✅ Успешный вход: Администратор (ID: 2)
[2025-11-18 21:46:48] ✅ Успешный вход: Администратор (ID: 2)
[2025-11-18 22:33:13] ❌ Неверный пароль: 79991234567
[2025-11-18 22:33:19] ✅ Успешный вход: Администратор (ID: 2)
[2025-11-19 11:42:21] ✅ Успешный вход: Администратор (ID: 2)
[2025-11-19 12:41:56] ✅ Успешный вход: Администратор (ID: 2)
[2025-11-19 13:09:18] ✅ Успешный вход: Администратор (ID: 2)
[2025-11-19 17:05:30] ❌ Неверный пароль: 79991234567
[2025-11-19 17:05:36] ❌ Неверный пароль: 79991234567
[2025-11-19 17:05:52] ✅ Успешный вход: Администратор (ID: 2)
[2025-11-19 18:45:59] ✅ Успешный вход: Администратор (ID: 2)
[2025-11-19 19:48:51] ✅ Успешный вход: Администратор (ID: 2)
[2025-11-20 12:57:04] ✅ Успешный вход: Администратор (ID: 2)
[2025-11-20 21:22:02] ✅ Успешный вход: Администратор (ID: 2)
[2025-11-21 00:56:51] ❌ Неверный пароль: 79991234567
[2025-11-21 00:56:57] ❌ Неверный пароль: 79991234567
[2025-11-21 00:57:04] ✅ Успешный вход: Администратор (ID: 2)
[2025-11-21 01:21:49] ✅ Успешный вход: Администратор (ID: 2)
[2025-11-21 02:37:46] ✅ Успешный вход: Администратор (ID: 2, роль: admin)
[2025-11-21 02:45:13] ✅ Успешный вход: Николаев Иван Сергеевич (ID: 166, роль: employee)
[2025-11-21 02:47:40] ✅ Успешный вход: Администратор (ID: 2, роль: admin)
[2025-11-21 02:48:28] ✅ Успешный вход: Николаев Иван Сергеевич (ID: 166, роль: employee)
[2025-11-21 04:04:05] ✅ Успешный вход: Николаев Иван Сергеевич (ID: 166, роль: employee)
[2025-11-21 04:23:59] ✅ Успешный вход: Николаев Иван Сергеевич (ID: 166, роль: employee)
[2025-11-21 04:33:41] ✅ Успешный вход: Николаев Иван Сергеевич (ID: 166, роль: employee)
[2025-11-21 14:12:54] ✅ Успешный вход: Николаев Иван Сергеевич (ID: 166, роль: employee)
[2025-11-21 15:30:15] ✅ Успешный вход: Николаев Иван Сергеевич (ID: 166, роль: employee)
[2025-11-21 16:32:58] ✅ Успешный вход: Николаев Иван Сергеевич (ID: 166, роль: employee)
[2025-11-21 17:41:28] ✅ Успешный вход: Николаев Иван Сергеевич (ID: 166, роль: employee)
[2025-11-21 18:03:20] ❌ Неверный пароль: 79025144837
[2025-11-21 18:03:37] ✅ Успешный вход: Николаев Иван Сергеевич (ID: 166, роль: employee)
[2025-11-21 19:19:11] ✅ Успешный вход: Николаев Иван Сергеевич (ID: 166, роль: employee)
[2025-11-21 19:30:58] ✅ Успешный вход: Администратор (ID: 2, роль: admin)
[2025-11-21 19:36:41] ✅ Успешный вход: Николаев Иван Сергеевич (ID: 166, роль: employee)
[2025-11-21 19:37:24] ✅ Успешный вход: Администратор (ID: 2, роль: admin)
[2025-11-21 19:48:09] ✅ Успешный вход: Крылова Любовь Артёмовна (ID: 177, роль: director)
[2025-11-21 20:23:57] ✅ Успешный вход: Крылова Любовь Артёмовна (ID: 177, роль: director)
[2025-11-21 20:41:34] ✅ Успешный вход: Крылова Любовь Артёмовна (ID: 177, роль: director)
[2025-11-21 20:41:56] ✅ Успешный вход: Администратор (ID: 2, роль: admin)
[2025-11-21 20:42:07] ✅ Успешный вход: Крылова Любовь Артёмовна (ID: 177, роль: director)
[2025-11-21 20:50:00] ✅ Успешный вход: Крылова Любовь Артёмовна (ID: 177, роль: director)
[2025-11-21 20:50:24] ❌ Неверный пароль: 79026396164
[2025-11-21 20:50:42] ✅ Успешный вход: Воронина Анна Ивановна (ID: 176, роль: senior_nurse)
[2025-11-21 20:51:40] ✅ Успешный вход: Администратор (ID: 2, роль: admin)
[2025-11-21 23:02:08] ✅ Успешный вход: Администратор (ID: 2, роль: admin)
[2025-11-22 15:12:03] ✅ Успешный вход: Администратор (ID: 2, роль: admin)
[2025-11-22 15:58:12] ✅ Успешный вход: Администратор (ID: 2, роль: admin)
[2025-11-22 16:08:20] ✅ Успешный вход: Администратор (ID: 2, роль: admin)
[2025-11-22 16:31:13] ✅ Успешный вход: Администратор (ID: 2, роль: admin)
[2025-11-22 16:37:19] ✅ Успешный вход: Крылова Любовь Артёмовна (ID: 177, роль: director)
[2025-11-22 16:39:06] ✅ Успешный вход: Администратор (ID: 2, роль: admin)
[2025-11-22 16:39:32] ✅ Успешный вход: Администратор (ID: 2, роль: admin)
[2025-11-22 17:19:58] ✅ Успешный вход: Администратор (ID: 2, роль: admin)
[2025-11-22 17:25:11] ✅ Успешный вход: Администратор (ID: 2, роль: admin)
[2025-11-22 18:31:44] ✅ Успешный вход: Администратор (ID: 2, роль: admin)
[2025-11-22 19:11:50] ✅ Успешный вход: Администратор (ID: 2, роль: admin)
[2025-11-22 19:13:54] ✅ Успешный вход: Администратор (ID: 2, роль: admin)
[2025-11-23 14:03:36] ✅ Успешный вход: Администратор (ID: 2, роль: admin)
[2025-11-23 16:27:20] ✅ Успешный вход: Администратор (ID: 2, роль: admin)
[2025-11-23 16:54:34] ✅ Успешный вход: Администратор (ID: 2, роль: admin)
[2025-11-23 17:16:28] ✅ Успешный вход: Администратор (ID: 2, роль: admin)
[2025-11-23 17:53:12] ✅ Успешный вход: Крылова Любовь Артёмовна (ID: 177, роль: director)
[2025-11-23 17:53:20] ✅ Успешный вход: Воронина Анна Ивановна (ID: 176, роль: senior_nurse)
[2025-11-23 17:53:42] ✅ Успешный вход: Николаев Иван Сергеевич (ID: 166, роль: employee)
[2025-11-23 18:19:50] ✅ Успешный вход: Администратор (ID: 2, роль: admin)
[2025-11-23 18:21:14] ✅ Успешный вход: Администратор (ID: 2, роль: admin)
[2025-11-23 18:24:30] ✅ Успешный вход: Николаев Иван Сергеевич (ID: 166, роль: employee)
[2025-11-23 23:02:34] ✅ Успешный вход: Администратор (ID: 2, роль: admin)
[2025-11-23 23:05:13] ✅ Успешный вход: Николаев Иван Сергеевич (ID: 166, роль: employee)
[2025-11-23 23:23:23] ✅ Успешный вход: Администратор (ID: 2, роль: admin)
[2025-11-23 23:27:11] ✅ Успешный вход: Николаев Иван Сергеевич (ID: 166, роль: employee)
[2025-11-23 23:27:24] ✅ Успешный вход: Николаев Иван Сергеевич (ID: 166, роль: employee)
[2025-11-23 23:38:55] ✅ Успешный вход: Администратор (ID: 2, роль: admin)
[2025-11-23 23:45:19] ✅ Успешный вход: Администратор (ID: 2, роль: admin)
[2025-11-23 23:57:52] ✅ Успешный вход: Администратор (ID: 2, роль: admin)
[2025-11-23 23:58:36] ✅ Успешный вход: Николаев Иван Сергеевич (ID: 166, роль: employee)
[2025-11-24 03:41:04] ✅ Успешный вход: Администратор (ID: 2, роль: admin)
[2025-11-24 03:44:32] ✅ Успешный вход: Николаев Иван Сергеевич (ID: 166, роль: employee)
[2025-11-24 04:39:40] ✅ Успешный вход: Николаев Иван Сергеевич (ID: 166, роль: employee)
[2025-11-24 04:52:38] ✅ Успешный вход: Администратор (ID: 2, роль: admin)
[2025-11-24 04:55:02] ✅ Успешный вход: Воронина Анна Ивановна (ID: 176, роль: senior_nurse)
[2025-11-24 04:57:13] ✅ Успешный вход: Администратор (ID: 2, роль: admin)
[2025-11-24 05:16:51] ✅ Успешный вход: Администратор (ID: 2, роль: admin)
[2025-11-24 06:21:32] ✅ Успешный вход: Администратор (ID: 2, роль: admin)
[2025-11-24 06:22:32] ✅ Успешный вход: Николаев Иван Сергеевич (ID: 166, роль: employee)
[2025-11-24 17:41:32] ✅ Успешный вход: Николаев Иван Сергеевич (ID: 166, роль: employee)
[2025-11-24 21:03:22] ✅ Успешный вход: Николаев Иван Сергеевич (ID: 166, роль: employee)
[2025-11-24 21:04:02] ✅ Успешный вход: Администратор (ID: 2, роль: admin)
[2025-11-25 10:21:00] ✅ Успешный вход: Администратор (ID: 2, роль: admin)
